# JRE version: Java(TM) SE Runtime Environment (24.0.1+9) (build 24.0.1+9-30)
# Java VM: Java HotSpot(TM) 64-Bit Server VM (24.0.1+9-30, mixed mode, sharing, tiered, compressed oops, compressed class ptrs, g1 gc, windows-amd64)
GC Precious Log:
 CardTable entry size: 512
 Card Set container configuration: InlinePtr #cards 5 size 8 Array Of Cards #cards 10 size 36 Howl #buckets 4 coarsen threshold 1843 Howl Bitmap #cards 512 size 80 coarsen threshold 460 Card regions per heap region 1 cards per card region 2048
 CPUs: 4 total, 4 available
 Memory: 3986M
 Large Page Support: Disabled
 NUMA Support: Disabled
 Compressed Oops: Enabled (32-bit)
 Heap Region Size: 1M
 Heap Min Capacity: 8M
 Heap Initial Capacity: 64M
 Heap Max Capacity: 998M
 Pre-touch: Disabled
 Parallel Workers: 4
 Concurrent Workers: 1
 Concurrent Refinement Workers: 4
 Periodic GC: Disabled
Heap:
 garbage-first heap   total reserved 1021952K, committed 67584K, used 38206K [0x00000000c1a00000, 0x0000000100000000)
  region size 1024K, 2 young (2048K), 2 survivors (2048K)
 Metaspace       used 49334K, committed 49920K, reserved 1114112K
  class space    used 5580K, committed 5824K, reserved 1048576K
GC Heap History (20 events):
Event: 37.397 GC heap after
{Heap after GC invocations=24 (full 3):
 garbage-first heap   total reserved 1021952K, committed 67584K, used 33332K [0x00000000c1a00000, 0x0000000100000000)
  region size 1024K, 0 young (0K), 0 survivors (0K)
 Metaspace       used 40459K, committed 40960K, reserved 1114112K
  class space    used 4458K, committed 4672K, reserved 1048576K
}
Event: 37.400 GC heap before
{Heap before GC invocations=24 (full 3):
 garbage-first heap   total reserved 1021952K, committed 67584K, used 33332K [0x00000000c1a00000, 0x0000000100000000)
  region size 1024K, 1 young (1024K), 0 survivors (0K)
 Metaspace       used 40459K, committed 40960K, reserved 1114112K
  class space    used 4458K, committed 4672K, reserved 1048576K
}
Event: 37.494 GC heap after
{Heap after GC invocations=25 (full 4):
 garbage-first heap   total reserved 1021952K, committed 67584K, used 33326K [0x00000000c1a00000, 0x0000000100000000)
  region size 1024K, 0 young (0K), 0 survivors (0K)
 Metaspace       used 40459K, committed 40960K, reserved 1114112K
  class space    used 4458K, committed 4672K, reserved 1048576K
}
Event: 38.351 GC heap before
{Heap before GC invocations=25 (full 4):
 garbage-first heap   total reserved 1021952K, committed 67584K, used 60974K [0x00000000c1a00000, 0x0000000100000000)
  region size 1024K, 27 young (27648K), 0 survivors (0K)
 Metaspace       used 40702K, committed 41216K, reserved 1114112K
  class space    used 4489K, committed 4736K, reserved 1048576K
}
Event: 38.358 GC heap after
{Heap after GC invocations=26 (full 4):
 garbage-first heap   total reserved 1021952K, committed 67584K, used 34971K [0x00000000c1a00000, 0x0000000100000000)
  region size 1024K, 2 young (2048K), 2 survivors (2048K)
 Metaspace       used 40702K, committed 41216K, reserved 1114112K
  class space    used 4489K, committed 4736K, reserved 1048576K
}
Event: 40.093 GC heap before
{Heap before GC invocations=27 (full 4):
 garbage-first heap   total reserved 1021952K, committed 67584K, used 59547K [0x00000000c1a00000, 0x0000000100000000)
  region size 1024K, 26 young (26624K), 2 survivors (2048K)
 Metaspace       used 41271K, committed 41856K, reserved 1114112K
  class space    used 4546K, committed 4800K, reserved 1048576K
}
Event: 40.104 GC heap after
{Heap after GC invocations=28 (full 4):
 garbage-first heap   total reserved 1021952K, committed 67584K, used 35986K [0x00000000c1a00000, 0x0000000100000000)
  region size 1024K, 3 young (3072K), 3 survivors (3072K)
 Metaspace       used 41271K, committed 41856K, reserved 1114112K
  class space    used 4546K, committed 4800K, reserved 1048576K
}
Event: 40.464 GC heap before
{Heap before GC invocations=28 (full 4):
 garbage-first heap   total reserved 1021952K, committed 67584K, used 38034K [0x00000000c1a00000, 0x0000000100000000)
  region size 1024K, 6 young (6144K), 3 survivors (3072K)
 Metaspace       used 41320K, committed 41856K, reserved 1114112K
  class space    used 4549K, committed 4800K, reserved 1048576K
}
Event: 40.566 GC heap after
{Heap after GC invocations=29 (full 5):
 garbage-first heap   total reserved 1021952K, committed 67584K, used 35058K [0x00000000c1a00000, 0x0000000100000000)
  region size 1024K, 0 young (0K), 0 survivors (0K)
 Metaspace       used 41320K, committed 41856K, reserved 1114112K
  class space    used 4549K, committed 4800K, reserved 1048576K
}
Event: 40.571 GC heap before
{Heap before GC invocations=29 (full 5):
 garbage-first heap   total reserved 1021952K, committed 67584K, used 35058K [0x00000000c1a00000, 0x0000000100000000)
  region size 1024K, 1 young (1024K), 0 survivors (0K)
 Metaspace       used 41320K, committed 41856K, reserved 1114112K
  class space    used 4549K, committed 4800K, reserved 1048576K
}
Event: 40.663 GC heap after
{Heap after GC invocations=30 (full 6):
 garbage-first heap   total reserved 1021952K, committed 67584K, used 35058K [0x00000000c1a00000, 0x0000000100000000)
  region size 1024K, 0 young (0K), 0 survivors (0K)
 Metaspace       used 41320K, committed 41856K, reserved 1114112K
  class space    used 4549K, committed 4800K, reserved 1048576K
}
Event: 41.142 GC heap before
{Heap before GC invocations=30 (full 6):
 garbage-first heap   total reserved 1021952K, committed 67584K, used 53490K [0x00000000c1a00000, 0x0000000100000000)
  region size 1024K, 20 young (20480K), 0 survivors (0K)
 Metaspace       used 41540K, committed 42048K, reserved 1114112K
  class space    used 4572K, committed 4800K, reserved 1048576K
}
Event: 41.248 GC heap after
{Heap after GC invocations=31 (full 7):
 garbage-first heap   total reserved 1021952K, committed 67584K, used 35023K [0x00000000c1a00000, 0x0000000100000000)
  region size 1024K, 0 young (0K), 0 survivors (0K)
 Metaspace       used 41540K, committed 42048K, reserved 1114112K
  class space    used 4572K, committed 4800K, reserved 1048576K
}
Event: 41.252 GC heap before
{Heap before GC invocations=31 (full 7):
 garbage-first heap   total reserved 1021952K, committed 67584K, used 35023K [0x00000000c1a00000, 0x0000000100000000)
  region size 1024K, 1 young (1024K), 0 survivors (0K)
 Metaspace       used 41540K, committed 42048K, reserved 1114112K
  class space    used 4572K, committed 4800K, reserved 1048576K
}
Event: 41.355 GC heap after
{Heap after GC invocations=32 (full 8):
 garbage-first heap   total reserved 1021952K, committed 67584K, used 35016K [0x00000000c1a00000, 0x0000000100000000)
  region size 1024K, 0 young (0K), 0 survivors (0K)
 Metaspace       used 41540K, committed 42048K, reserved 1114112K
  class space    used 4572K, committed 4800K, reserved 1048576K
}
Event: 42.479 GC heap before
{Heap before GC invocations=32 (full 8):
 garbage-first heap   total reserved 1021952K, committed 67584K, used 59592K [0x00000000c1a00000, 0x0000000100000000)
  region size 1024K, 25 young (25600K), 0 survivors (0K)
 Metaspace       used 45734K, committed 46272K, reserved 1114112K
  class space    used 4995K, committed 5248K, reserved 1048576K
}
Event: 42.485 GC heap after
{Heap after GC invocations=33 (full 8):
 garbage-first heap   total reserved 1021952K, committed 67584K, used 37064K [0x00000000c1a00000, 0x0000000100000000)
  region size 1024K, 2 young (2048K), 2 survivors (2048K)
 Metaspace       used 45734K, committed 46272K, reserved 1114112K
  class space    used 4995K, committed 5248K, reserved 1048576K
}
Event: 43.224 GC heap before
{Heap before GC invocations=34 (full 8):
 garbage-first heap   total reserved 1021952K, committed 67584K, used 59592K [0x00000000c1a00000, 0x0000000100000000)
  region size 1024K, 24 young (24576K), 2 survivors (2048K)
 Metaspace       used 47324K, committed 47936K, reserved 1114112K
  class space    used 5189K, committed 5440K, reserved 1048576K
}
Event: 43.231 GC heap after
{Heap after GC invocations=35 (full 8):
 garbage-first heap   total reserved 1021952K, committed 67584K, used 37652K [0x00000000c1a00000, 0x0000000100000000)
  region size 1024K, 1 young (1024K), 1 survivors (1024K)
 Metaspace       used 47324K, committed 47936K, reserved 1114112K
  class space    used 5189K, committed 5440K, reserved 1048576K
}
Event: 44.119 GC heap before
{Heap before GC invocations=35 (full 8):
 garbage-first heap   total reserved 1021952K, committed 67584K, used 60180K [0x00000000c1a00000, 0x0000000100000000)
  region size 1024K, 23 young (23552K), 1 survivors (1024K)
 Metaspace       used 49334K, committed 49920K, reserved 1114112K
  class space    used 5580K, committed 5824K, reserved 1048576K
}

